<?xml version="1.0" encoding="UTF-8"?>
<!-- Generated by org.testng.reporters.JUnitXMLReporter -->
<testsuite hostname="LSIPL07" ignored="0" name="Default test" tests="1" failures="1" timestamp="19 Apr 2020 13:54:44 GMT" time="1.321" errors="0">
  <testcase name="f" time="1.265" classname="com.Su.Testcases.DataValidation">
    <failure type="java.lang.IllegalArgumentException" message="A project ID is required for this service but could not be determined from the builder or the environment.  Please set a project ID using the builder.">
      <![CDATA[java.lang.IllegalArgumentException: A project ID is required for this service but could not be determined from the builder or the environment.  Please set a project ID using the builder.
at com.google.common.base.Preconditions.checkArgument(Preconditions.java:135)
at com.google.cloud.ServiceOptions.<init>(ServiceOptions.java:304)
at com.google.cloud.bigquery.BigQueryOptions.<init>(BigQueryOptions.java:91)
at com.google.cloud.bigquery.BigQueryOptions.<init>(BigQueryOptions.java:30)
at com.google.cloud.bigquery.BigQueryOptions$Builder.build(BigQueryOptions.java:86)
at com.google.cloud.bigquery.BigQueryOptions.getDefaultInstance(BigQueryOptions.java:159)
at com.i2o.Testutil.Testutil.getBigqueryInstance(Testutil.java:51)
at com.Su.Testcases.DataValidation.f(DataValidation.java:26)
at sun.reflect.NativeMethodAccessorImpl.invoke0(Native Method)
at sun.reflect.NativeMethodAccessorImpl.invoke(NativeMethodAccessorImpl.java:62)
at sun.reflect.DelegatingMethodAccessorImpl.invoke(DelegatingMethodAccessorImpl.java:43)
at java.lang.reflect.Method.invoke(Method.java:498)
at org.testng.internal.MethodInvocationHelper.invokeMethod(MethodInvocationHelper.java:124)
at org.testng.internal.Invoker.invokeMethod(Invoker.java:583)
at org.testng.internal.Invoker.invokeTestMethod(Invoker.java:719)
at org.testng.internal.Invoker.invokeTestMethods(Invoker.java:989)
at org.testng.internal.TestMethodWorker.invokeTestMethods(TestMethodWorker.java:125)
at org.testng.internal.TestMethodWorker.run(TestMethodWorker.java:109)
at org.testng.TestRunner.privateRun(TestRunner.java:648)
at org.testng.TestRunner.run(TestRunner.java:505)
at org.testng.SuiteRunner.runTest(SuiteRunner.java:455)
at org.testng.SuiteRunner.runSequentially(SuiteRunner.java:450)
at org.testng.SuiteRunner.privateRun(SuiteRunner.java:415)
at org.testng.SuiteRunner.run(SuiteRunner.java:364)
at org.testng.SuiteRunnerWorker.runSuite(SuiteRunnerWorker.java:52)
at org.testng.SuiteRunnerWorker.run(SuiteRunnerWorker.java:84)
at org.testng.TestNG.runSuitesSequentially(TestNG.java:1208)
at org.testng.TestNG.runSuitesLocally(TestNG.java:1137)
at org.testng.TestNG.runSuites(TestNG.java:1049)
at org.testng.TestNG.run(TestNG.java:1017)
at org.testng.remote.AbstractRemoteTestNG.run(AbstractRemoteTestNG.java:115)
at org.testng.remote.RemoteTestNG.initAndRun(RemoteTestNG.java:251)
at org.testng.remote.RemoteTestNG.main(RemoteTestNG.java:77)
]]>
    </failure>
  </testcase> <!-- f -->
</testsuite> <!-- Default test -->
